<?xml version="1.0" encoding="UTF-8"?>
<!-- Generated by org.testng.reporters.JUnitReportReporter -->
<testsuite hostname="DESKTOP-CJK6AKF" failures="0" tests="4" name="Tests" time="183.472" errors="0" timestamp="17 мая 2019 08:35:53 GMT" skipped="0">
  <testcase classname="Tests" name="toothbrushTest" time="59.573"/>
  <testcase classname="Tests" name="regionChangeTest" time="48.301"/>
  <testcase classname="Tests" name="navigateToBeruAuthPage" time="29.107"/>
  <testcase classname="Tests" name="regionChangeTest" time="46.491"/>
</testsuite> <!-- Tests -->
