<?xml version="1.0" encoding="UTF-8"?>
<!-- Generated by org.testng.reporters.JUnitReportReporter -->
<testsuite hostname="DESKTOP-CJK6AKF" failures="0" tests="4" name="Tests" time="193.527" errors="0" timestamp="17 мая 2019 06:09:27 GMT" skipped="0">
  <testcase classname="Tests" name="regionChangeTest" time="55.655"/>
  <testcase classname="Tests" name="regionChangeTest" time="50.889"/>
  <testcase classname="Tests" name="toothbrushTest" time="57.404"/>
  <testcase classname="Tests" name="navigateToBeruAuthPage" time="29.579"/>
</testsuite> <!-- Tests -->
